2025-07-09 02:10:59 - FeatureExtractionRunner - INFO - STARTING ALL FEATURE EXTRACTION PIPELINES
2025-07-09 02:10:59 - FeatureExtractionRunner - INFO - Log file: g:\Crime_Detection\logs\feature_extraction_run_20250709_021059.log

2025-07-09 02:11:05 - FeatureExtractionRunner - INFO - Found 3950 video files to process for feature extraction.

2025-07-09 02:11:05 - FeatureExtractionRunner - INFO - Processing g:\Crime_Detection\Training\Videos\1-1004\A.Beautiful.Mind.2001__#00-01-45_00-02-50_label_A.mp4: Extracting missing features...
2025-07-09 02:11:05 - FeatureExtractionRunner - INFO -   Extracting TEXT for 1-1004\A.Beautiful.Mind.2001__#00-01-45_00-02-50_label_A.mp4...
2025-07-09 02:11:05 - FeatureExtractionRunner - ERROR -   Error extracting TEXT for 1-1004\A.Beautiful.Mind.2001__#00-01-45_00-02-50_label_A.mp4: [Errno 2] No such file or directory: 'g:\\Crime_Detection\\Training\\Processed_Data\\text_features\\1-1004\\A.Beautiful.Mind.2001__#00-01-45_00-02-50_label_A.npy\\1-1004\\A.Beautiful.Mind.2001__#00-01-45_00-02-50_label_A_roberta_features.npy'
2025-07-09 02:11:05 - FeatureExtractionRunner - INFO -   Extracting AUDIO for 1-1004\A.Beautiful.Mind.2001__#00-01-45_00-02-50_label_A.mp4...
2025-07-09 02:11:10 - FeatureExtractionRunner - WARNING -   AUDIO feature extraction failed for 1-1004\A.Beautiful.Mind.2001__#00-01-45_00-02-50_label_A.mp4.
2025-07-09 02:11:10 - FeatureExtractionRunner - INFO -   Extracting VIDEO for 1-1004\A.Beautiful.Mind.2001__#00-01-45_00-02-50_label_A.mp4...
2025-07-09 02:11:29 - FeatureExtractionRunner - ERROR -   Error extracting VIDEO for 1-1004\A.Beautiful.Mind.2001__#00-01-45_00-02-50_label_A.mp4: [Errno 2] No such file or directory: 'g:\\Crime_Detection\\Training\\Processed_Data\\video_features\\1-1004\\A.Beautiful.Mind.2001__#00-01-45_00-02-50_label_A.npy\\1-1004\\A.Beautiful.Mind.2001__#00-01-45_00-02-50_label_A_all.npy'
2025-07-09 02:11:29 - FeatureExtractionRunner - INFO - Processing g:\Crime_Detection\Training\Videos\1-1004\A.Beautiful.Mind.2001__#00-01-45_00-02-50_label_A.mp4: Extraction partially failed or raw file missing for some modalities.
2025-07-09 02:11:29 - FeatureExtractionRunner - INFO - Processing g:\Crime_Detection\Training\Videos\1-1004\A.Beautiful.Mind.2001__#00-03-00_00-04-05_label_A.mp4: Extracting missing features...
2025-07-09 02:11:29 - FeatureExtractionRunner - INFO -   Extracting TEXT for 1-1004\A.Beautiful.Mind.2001__#00-03-00_00-04-05_label_A.mp4...
2025-07-09 02:11:30 - FeatureExtractionRunner - ERROR -   Error extracting TEXT for 1-1004\A.Beautiful.Mind.2001__#00-03-00_00-04-05_label_A.mp4: [Errno 2] No such file or directory: 'g:\\Crime_Detection\\Training\\Processed_Data\\text_features\\1-1004\\A.Beautiful.Mind.2001__#00-03-00_00-04-05_label_A.npy\\1-1004\\A.Beautiful.Mind.2001__#00-03-00_00-04-05_label_A_roberta_features.npy'
2025-07-09 02:11:30 - FeatureExtractionRunner - INFO -   Extracting AUDIO for 1-1004\A.Beautiful.Mind.2001__#00-03-00_00-04-05_label_A.mp4...
2025-07-09 02:11:30 - FeatureExtractionRunner - WARNING -   AUDIO feature extraction failed for 1-1004\A.Beautiful.Mind.2001__#00-03-00_00-04-05_label_A.mp4.
2025-07-09 02:11:30 - FeatureExtractionRunner - INFO -   Extracting VIDEO for 1-1004\A.Beautiful.Mind.2001__#00-03-00_00-04-05_label_A.mp4...
2025-07-09 02:11:50 - FeatureExtractionRunner - ERROR -   Error extracting VIDEO for 1-1004\A.Beautiful.Mind.2001__#00-03-00_00-04-05_label_A.mp4: [Errno 2] No such file or directory: 'g:\\Crime_Detection\\Training\\Processed_Data\\video_features\\1-1004\\A.Beautiful.Mind.2001__#00-03-00_00-04-05_label_A.npy\\1-1004\\A.Beautiful.Mind.2001__#00-03-00_00-04-05_label_A_all.npy'
2025-07-09 02:11:50 - FeatureExtractionRunner - INFO - Processing g:\Crime_Detection\Training\Videos\1-1004\A.Beautiful.Mind.2001__#00-03-00_00-04-05_label_A.mp4: Extraction partially failed or raw file missing for some modalities.
2025-07-09 02:11:50 - FeatureExtractionRunner - INFO - Processing g:\Crime_Detection\Training\Videos\1-1004\A.Beautiful.Mind.2001__#00-04-20_00-05-35_label_A.mp4: Extracting missing features...
2025-07-09 02:11:50 - FeatureExtractionRunner - INFO -   Extracting TEXT for 1-1004\A.Beautiful.Mind.2001__#00-04-20_00-05-35_label_A.mp4...
2025-07-09 02:11:50 - FeatureExtractionRunner - ERROR -   Error extracting TEXT for 1-1004\A.Beautiful.Mind.2001__#00-04-20_00-05-35_label_A.mp4: [Errno 2] No such file or directory: 'g:\\Crime_Detection\\Training\\Processed_Data\\text_features\\1-1004\\A.Beautiful.Mind.2001__#00-04-20_00-05-35_label_A.npy\\1-1004\\A.Beautiful.Mind.2001__#00-04-20_00-05-35_label_A_roberta_features.npy'
2025-07-09 02:11:50 - FeatureExtractionRunner - INFO -   Extracting AUDIO for 1-1004\A.Beautiful.Mind.2001__#00-04-20_00-05-35_label_A.mp4...
2025-07-09 02:11:50 - FeatureExtractionRunner - WARNING -   AUDIO feature extraction failed for 1-1004\A.Beautiful.Mind.2001__#00-04-20_00-05-35_label_A.mp4.
2025-07-09 02:11:50 - FeatureExtractionRunner - INFO -   Extracting VIDEO for 1-1004\A.Beautiful.Mind.2001__#00-04-20_00-05-35_label_A.mp4...
2025-07-09 02:12:13 - FeatureExtractionRunner - ERROR -   Error extracting VIDEO for 1-1004\A.Beautiful.Mind.2001__#00-04-20_00-05-35_label_A.mp4: [Errno 2] No such file or directory: 'g:\\Crime_Detection\\Training\\Processed_Data\\video_features\\1-1004\\A.Beautiful.Mind.2001__#00-04-20_00-05-35_label_A.npy\\1-1004\\A.Beautiful.Mind.2001__#00-04-20_00-05-35_label_A_all.npy'
2025-07-09 02:12:13 - FeatureExtractionRunner - INFO - Processing g:\Crime_Detection\Training\Videos\1-1004\A.Beautiful.Mind.2001__#00-04-20_00-05-35_label_A.mp4: Extraction partially failed or raw file missing for some modalities.
2025-07-09 02:12:13 - FeatureExtractionRunner - INFO - Processing g:\Crime_Detection\Training\Videos\1-1004\A.Beautiful.Mind.2001__#00-05-52_00-08-22_label_A.mp4: Extracting missing features...
2025-07-09 02:12:13 - FeatureExtractionRunner - INFO -   Extracting TEXT for 1-1004\A.Beautiful.Mind.2001__#00-05-52_00-08-22_label_A.mp4...
2025-07-09 02:12:13 - FeatureExtractionRunner - ERROR -   Error extracting TEXT for 1-1004\A.Beautiful.Mind.2001__#00-05-52_00-08-22_label_A.mp4: [Errno 2] No such file or directory: 'g:\\Crime_Detection\\Training\\Processed_Data\\text_features\\1-1004\\A.Beautiful.Mind.2001__#00-05-52_00-08-22_label_A.npy\\1-1004\\A.Beautiful.Mind.2001__#00-05-52_00-08-22_label_A_roberta_features.npy'
2025-07-09 02:12:13 - FeatureExtractionRunner - INFO -   Extracting AUDIO for 1-1004\A.Beautiful.Mind.2001__#00-05-52_00-08-22_label_A.mp4...
2025-07-09 02:12:13 - FeatureExtractionRunner - WARNING -   AUDIO feature extraction failed for 1-1004\A.Beautiful.Mind.2001__#00-05-52_00-08-22_label_A.mp4.
2025-07-09 02:12:13 - FeatureExtractionRunner - INFO -   Extracting VIDEO for 1-1004\A.Beautiful.Mind.2001__#00-05-52_00-08-22_label_A.mp4...
2025-07-09 02:12:58 - FeatureExtractionRunner - ERROR -   Error extracting VIDEO for 1-1004\A.Beautiful.Mind.2001__#00-05-52_00-08-22_label_A.mp4: [Errno 2] No such file or directory: 'g:\\Crime_Detection\\Training\\Processed_Data\\video_features\\1-1004\\A.Beautiful.Mind.2001__#00-05-52_00-08-22_label_A.npy\\1-1004\\A.Beautiful.Mind.2001__#00-05-52_00-08-22_label_A_all.npy'
2025-07-09 02:12:58 - FeatureExtractionRunner - INFO - Processing g:\Crime_Detection\Training\Videos\1-1004\A.Beautiful.Mind.2001__#00-05-52_00-08-22_label_A.mp4: Extraction partially failed or raw file missing for some modalities.
2025-07-09 02:12:58 - FeatureExtractionRunner - INFO - Processing g:\Crime_Detection\Training\Videos\1-1004\A.Beautiful.Mind.2001__#00-08-55_00-10-50_label_A.mp4: Extracting missing features...
2025-07-09 02:12:58 - FeatureExtractionRunner - INFO -   Extracting TEXT for 1-1004\A.Beautiful.Mind.2001__#00-08-55_00-10-50_label_A.mp4...
2025-07-09 02:12:59 - FeatureExtractionRunner - ERROR -   Error extracting TEXT for 1-1004\A.Beautiful.Mind.2001__#00-08-55_00-10-50_label_A.mp4: [Errno 2] No such file or directory: 'g:\\Crime_Detection\\Training\\Processed_Data\\text_features\\1-1004\\A.Beautiful.Mind.2001__#00-08-55_00-10-50_label_A.npy\\1-1004\\A.Beautiful.Mind.2001__#00-08-55_00-10-50_label_A_roberta_features.npy'
2025-07-09 02:12:59 - FeatureExtractionRunner - INFO -   Extracting AUDIO for 1-1004\A.Beautiful.Mind.2001__#00-08-55_00-10-50_label_A.mp4...
2025-07-09 02:12:59 - FeatureExtractionRunner - WARNING -   AUDIO feature extraction failed for 1-1004\A.Beautiful.Mind.2001__#00-08-55_00-10-50_label_A.mp4.
2025-07-09 02:12:59 - FeatureExtractionRunner - INFO -   Extracting VIDEO for 1-1004\A.Beautiful.Mind.2001__#00-08-55_00-10-50_label_A.mp4...
2025-07-09 02:13:35 - FeatureExtractionRunner - ERROR -   Error extracting VIDEO for 1-1004\A.Beautiful.Mind.2001__#00-08-55_00-10-50_label_A.mp4: [Errno 2] No such file or directory: 'g:\\Crime_Detection\\Training\\Processed_Data\\video_features\\1-1004\\A.Beautiful.Mind.2001__#00-08-55_00-10-50_label_A.npy\\1-1004\\A.Beautiful.Mind.2001__#00-08-55_00-10-50_label_A_all.npy'
2025-07-09 02:13:35 - FeatureExtractionRunner - INFO - Processing g:\Crime_Detection\Training\Videos\1-1004\A.Beautiful.Mind.2001__#00-08-55_00-10-50_label_A.mp4: Extraction partially failed or raw file missing for some modalities.
2025-07-09 02:13:35 - FeatureExtractionRunner - INFO - Processing g:\Crime_Detection\Training\Videos\1-1004\A.Beautiful.Mind.2001__#00-16-18_00-17-09_label_A.mp4: Extracting missing features...
2025-07-09 02:13:35 - FeatureExtractionRunner - INFO -   Extracting TEXT for 1-1004\A.Beautiful.Mind.2001__#00-16-18_00-17-09_label_A.mp4...
2025-07-09 02:13:35 - FeatureExtractionRunner - ERROR -   Error extracting TEXT for 1-1004\A.Beautiful.Mind.2001__#00-16-18_00-17-09_label_A.mp4: [Errno 2] No such file or directory: 'g:\\Crime_Detection\\Training\\Processed_Data\\text_features\\1-1004\\A.Beautiful.Mind.2001__#00-16-18_00-17-09_label_A.npy\\1-1004\\A.Beautiful.Mind.2001__#00-16-18_00-17-09_label_A_roberta_features.npy'
2025-07-09 02:13:35 - FeatureExtractionRunner - INFO -   Extracting AUDIO for 1-1004\A.Beautiful.Mind.2001__#00-16-18_00-17-09_label_A.mp4...
2025-07-09 02:13:35 - FeatureExtractionRunner - WARNING -   AUDIO feature extraction failed for 1-1004\A.Beautiful.Mind.2001__#00-16-18_00-17-09_label_A.mp4.
2025-07-09 02:13:35 - FeatureExtractionRunner - INFO -   Extracting VIDEO for 1-1004\A.Beautiful.Mind.2001__#00-16-18_00-17-09_label_A.mp4...
2025-07-09 02:13:51 - FeatureExtractionRunner - ERROR -   Error extracting VIDEO for 1-1004\A.Beautiful.Mind.2001__#00-16-18_00-17-09_label_A.mp4: [Errno 2] No such file or directory: 'g:\\Crime_Detection\\Training\\Processed_Data\\video_features\\1-1004\\A.Beautiful.Mind.2001__#00-16-18_00-17-09_label_A.npy\\1-1004\\A.Beautiful.Mind.2001__#00-16-18_00-17-09_label_A_all.npy'
2025-07-09 02:13:51 - FeatureExtractionRunner - INFO - Processing g:\Crime_Detection\Training\Videos\1-1004\A.Beautiful.Mind.2001__#00-16-18_00-17-09_label_A.mp4: Extraction partially failed or raw file missing for some modalities.
2025-07-09 02:13:51 - FeatureExtractionRunner - INFO - Processing g:\Crime_Detection\Training\Videos\1-1004\A.Beautiful.Mind.2001__#00-20-35_00-23-06_label_A.mp4: Extracting missing features...
2025-07-09 02:13:51 - FeatureExtractionRunner - INFO -   Extracting TEXT for 1-1004\A.Beautiful.Mind.2001__#00-20-35_00-23-06_label_A.mp4...
2025-07-09 02:13:52 - FeatureExtractionRunner - ERROR -   Error extracting TEXT for 1-1004\A.Beautiful.Mind.2001__#00-20-35_00-23-06_label_A.mp4: [Errno 2] No such file or directory: 'g:\\Crime_Detection\\Training\\Processed_Data\\text_features\\1-1004\\A.Beautiful.Mind.2001__#00-20-35_00-23-06_label_A.npy\\1-1004\\A.Beautiful.Mind.2001__#00-20-35_00-23-06_label_A_roberta_features.npy'
2025-07-09 02:13:52 - FeatureExtractionRunner - INFO -   Extracting AUDIO for 1-1004\A.Beautiful.Mind.2001__#00-20-35_00-23-06_label_A.mp4...
2025-07-09 02:13:52 - FeatureExtractionRunner - WARNING -   AUDIO feature extraction failed for 1-1004\A.Beautiful.Mind.2001__#00-20-35_00-23-06_label_A.mp4.
2025-07-09 02:13:52 - FeatureExtractionRunner - INFO -   Extracting VIDEO for 1-1004\A.Beautiful.Mind.2001__#00-20-35_00-23-06_label_A.mp4...
2025-07-09 02:14:40 - FeatureExtractionRunner - ERROR -   Error extracting VIDEO for 1-1004\A.Beautiful.Mind.2001__#00-20-35_00-23-06_label_A.mp4: [Errno 2] No such file or directory: 'g:\\Crime_Detection\\Training\\Processed_Data\\video_features\\1-1004\\A.Beautiful.Mind.2001__#00-20-35_00-23-06_label_A.npy\\1-1004\\A.Beautiful.Mind.2001__#00-20-35_00-23-06_label_A_all.npy'
2025-07-09 02:14:40 - FeatureExtractionRunner - INFO - Processing g:\Crime_Detection\Training\Videos\1-1004\A.Beautiful.Mind.2001__#00-20-35_00-23-06_label_A.mp4: Extraction partially failed or raw file missing for some modalities.
2025-07-09 02:14:40 - FeatureExtractionRunner - INFO - Processing g:\Crime_Detection\Training\Videos\1-1004\A.Beautiful.Mind.2001__#00-23-50_00-24-31_label_A.mp4: Extracting missing features...
2025-07-09 02:14:40 - FeatureExtractionRunner - INFO -   Extracting TEXT for 1-1004\A.Beautiful.Mind.2001__#00-23-50_00-24-31_label_A.mp4...
2025-07-09 02:14:40 - FeatureExtractionRunner - ERROR -   Error extracting TEXT for 1-1004\A.Beautiful.Mind.2001__#00-23-50_00-24-31_label_A.mp4: [Errno 2] No such file or directory: 'g:\\Crime_Detection\\Training\\Processed_Data\\text_features\\1-1004\\A.Beautiful.Mind.2001__#00-23-50_00-24-31_label_A.npy\\1-1004\\A.Beautiful.Mind.2001__#00-23-50_00-24-31_label_A_roberta_features.npy'
2025-07-09 02:14:40 - FeatureExtractionRunner - INFO -   Extracting AUDIO for 1-1004\A.Beautiful.Mind.2001__#00-23-50_00-24-31_label_A.mp4...
2025-07-09 02:14:40 - FeatureExtractionRunner - WARNING -   AUDIO feature extraction failed for 1-1004\A.Beautiful.Mind.2001__#00-23-50_00-24-31_label_A.mp4.
2025-07-09 02:14:40 - FeatureExtractionRunner - INFO -   Extracting VIDEO for 1-1004\A.Beautiful.Mind.2001__#00-23-50_00-24-31_label_A.mp4...
2025-07-09 02:14:54 - FeatureExtractionRunner - ERROR -   Error extracting VIDEO for 1-1004\A.Beautiful.Mind.2001__#00-23-50_00-24-31_label_A.mp4: [Errno 2] No such file or directory: 'g:\\Crime_Detection\\Training\\Processed_Data\\video_features\\1-1004\\A.Beautiful.Mind.2001__#00-23-50_00-24-31_label_A.npy\\1-1004\\A.Beautiful.Mind.2001__#00-23-50_00-24-31_label_A_all.npy'
2025-07-09 02:14:54 - FeatureExtractionRunner - INFO - Processing g:\Crime_Detection\Training\Videos\1-1004\A.Beautiful.Mind.2001__#00-23-50_00-24-31_label_A.mp4: Extraction partially failed or raw file missing for some modalities.
2025-07-09 02:14:54 - FeatureExtractionRunner - INFO - Processing g:\Crime_Detection\Training\Videos\1-1004\A.Beautiful.Mind.2001__#00-31-05_00-32-05_label_A.mp4: Extracting missing features...
2025-07-09 02:14:54 - FeatureExtractionRunner - INFO -   Extracting TEXT for 1-1004\A.Beautiful.Mind.2001__#00-31-05_00-32-05_label_A.mp4...
2025-07-09 02:14:54 - FeatureExtractionRunner - ERROR -   Error extracting TEXT for 1-1004\A.Beautiful.Mind.2001__#00-31-05_00-32-05_label_A.mp4: [Errno 2] No such file or directory: 'g:\\Crime_Detection\\Training\\Processed_Data\\text_features\\1-1004\\A.Beautiful.Mind.2001__#00-31-05_00-32-05_label_A.npy\\1-1004\\A.Beautiful.Mind.2001__#00-31-05_00-32-05_label_A_roberta_features.npy'
2025-07-09 02:14:54 - FeatureExtractionRunner - INFO -   Extracting AUDIO for 1-1004\A.Beautiful.Mind.2001__#00-31-05_00-32-05_label_A.mp4...
2025-07-09 02:14:54 - FeatureExtractionRunner - WARNING -   AUDIO feature extraction failed for 1-1004\A.Beautiful.Mind.2001__#00-31-05_00-32-05_label_A.mp4.
2025-07-09 02:14:54 - FeatureExtractionRunner - INFO -   Extracting VIDEO for 1-1004\A.Beautiful.Mind.2001__#00-31-05_00-32-05_label_A.mp4...
2025-07-09 02:15:12 - FeatureExtractionRunner - ERROR -   Error extracting VIDEO for 1-1004\A.Beautiful.Mind.2001__#00-31-05_00-32-05_label_A.mp4: [Errno 2] No such file or directory: 'g:\\Crime_Detection\\Training\\Processed_Data\\video_features\\1-1004\\A.Beautiful.Mind.2001__#00-31-05_00-32-05_label_A.npy\\1-1004\\A.Beautiful.Mind.2001__#00-31-05_00-32-05_label_A_all.npy'
2025-07-09 02:15:12 - FeatureExtractionRunner - INFO - Processing g:\Crime_Detection\Training\Videos\1-1004\A.Beautiful.Mind.2001__#00-31-05_00-32-05_label_A.mp4: Extraction partially failed or raw file missing for some modalities.
2025-07-09 02:15:12 - FeatureExtractionRunner - INFO - Processing g:\Crime_Detection\Training\Videos\1-1004\A.Beautiful.Mind.2001__#00-32-07_00-36-45_label_A.mp4: Extracting missing features...
2025-07-09 02:15:12 - FeatureExtractionRunner - INFO -   Extracting TEXT for 1-1004\A.Beautiful.Mind.2001__#00-32-07_00-36-45_label_A.mp4...
2025-07-09 02:15:12 - FeatureExtractionRunner - ERROR -   Error extracting TEXT for 1-1004\A.Beautiful.Mind.2001__#00-32-07_00-36-45_label_A.mp4: [Errno 2] No such file or directory: 'g:\\Crime_Detection\\Training\\Processed_Data\\text_features\\1-1004\\A.Beautiful.Mind.2001__#00-32-07_00-36-45_label_A.npy\\1-1004\\A.Beautiful.Mind.2001__#00-32-07_00-36-45_label_A_roberta_features.npy'
2025-07-09 02:15:12 - FeatureExtractionRunner - INFO -   Extracting AUDIO for 1-1004\A.Beautiful.Mind.2001__#00-32-07_00-36-45_label_A.mp4...
2025-07-09 02:15:12 - FeatureExtractionRunner - WARNING -   AUDIO feature extraction failed for 1-1004\A.Beautiful.Mind.2001__#00-32-07_00-36-45_label_A.mp4.
2025-07-09 02:15:12 - FeatureExtractionRunner - INFO -   Extracting VIDEO for 1-1004\A.Beautiful.Mind.2001__#00-32-07_00-36-45_label_A.mp4...
2025-07-09 02:16:37 - FeatureExtractionRunner - ERROR -   Error extracting VIDEO for 1-1004\A.Beautiful.Mind.2001__#00-32-07_00-36-45_label_A.mp4: [Errno 2] No such file or directory: 'g:\\Crime_Detection\\Training\\Processed_Data\\video_features\\1-1004\\A.Beautiful.Mind.2001__#00-32-07_00-36-45_label_A.npy\\1-1004\\A.Beautiful.Mind.2001__#00-32-07_00-36-45_label_A_all.npy'
2025-07-09 02:16:37 - FeatureExtractionRunner - INFO - Processing g:\Crime_Detection\Training\Videos\1-1004\A.Beautiful.Mind.2001__#00-32-07_00-36-45_label_A.mp4: Extraction partially failed or raw file missing for some modalities.
2025-07-09 02:16:37 - FeatureExtractionRunner - INFO - Processing g:\Crime_Detection\Training\Videos\1-1004\A.Beautiful.Mind.2001__#00-37-40_00-40-31_label_A.mp4: Extracting missing features...
2025-07-09 02:16:37 - FeatureExtractionRunner - INFO -   Extracting TEXT for 1-1004\A.Beautiful.Mind.2001__#00-37-40_00-40-31_label_A.mp4...
2025-07-09 02:16:38 - FeatureExtractionRunner - ERROR -   Error extracting TEXT for 1-1004\A.Beautiful.Mind.2001__#00-37-40_00-40-31_label_A.mp4: [Errno 2] No such file or directory: 'g:\\Crime_Detection\\Training\\Processed_Data\\text_features\\1-1004\\A.Beautiful.Mind.2001__#00-37-40_00-40-31_label_A.npy\\1-1004\\A.Beautiful.Mind.2001__#00-37-40_00-40-31_label_A_roberta_features.npy'
2025-07-09 02:16:38 - FeatureExtractionRunner - INFO -   Extracting AUDIO for 1-1004\A.Beautiful.Mind.2001__#00-37-40_00-40-31_label_A.mp4...
2025-07-09 02:16:38 - FeatureExtractionRunner - WARNING -   AUDIO feature extraction failed for 1-1004\A.Beautiful.Mind.2001__#00-37-40_00-40-31_label_A.mp4.
2025-07-09 02:16:38 - FeatureExtractionRunner - INFO -   Extracting VIDEO for 1-1004\A.Beautiful.Mind.2001__#00-37-40_00-40-31_label_A.mp4...
2025-07-09 02:17:31 - FeatureExtractionRunner - ERROR -   Error extracting VIDEO for 1-1004\A.Beautiful.Mind.2001__#00-37-40_00-40-31_label_A.mp4: [Errno 2] No such file or directory: 'g:\\Crime_Detection\\Training\\Processed_Data\\video_features\\1-1004\\A.Beautiful.Mind.2001__#00-37-40_00-40-31_label_A.npy\\1-1004\\A.Beautiful.Mind.2001__#00-37-40_00-40-31_label_A_all.npy'
2025-07-09 02:17:31 - FeatureExtractionRunner - INFO - Processing g:\Crime_Detection\Training\Videos\1-1004\A.Beautiful.Mind.2001__#00-37-40_00-40-31_label_A.mp4: Extraction partially failed or raw file missing for some modalities.
2025-07-09 02:17:31 - FeatureExtractionRunner - INFO - Processing g:\Crime_Detection\Training\Videos\1-1004\A.Beautiful.Mind.2001__#00-42-52_00-45-31_label_A.mp4: Extracting missing features...
2025-07-09 02:17:31 - FeatureExtractionRunner - INFO -   Extracting TEXT for 1-1004\A.Beautiful.Mind.2001__#00-42-52_00-45-31_label_A.mp4...
2025-07-09 02:17:32 - FeatureExtractionRunner - ERROR -   Error extracting TEXT for 1-1004\A.Beautiful.Mind.2001__#00-42-52_00-45-31_label_A.mp4: [Errno 2] No such file or directory: 'g:\\Crime_Detection\\Training\\Processed_Data\\text_features\\1-1004\\A.Beautiful.Mind.2001__#00-42-52_00-45-31_label_A.npy\\1-1004\\A.Beautiful.Mind.2001__#00-42-52_00-45-31_label_A_roberta_features.npy'
2025-07-09 02:17:32 - FeatureExtractionRunner - INFO -   Extracting AUDIO for 1-1004\A.Beautiful.Mind.2001__#00-42-52_00-45-31_label_A.mp4...
2025-07-09 02:17:32 - FeatureExtractionRunner - WARNING -   AUDIO feature extraction failed for 1-1004\A.Beautiful.Mind.2001__#00-42-52_00-45-31_label_A.mp4.
2025-07-09 02:17:32 - FeatureExtractionRunner - INFO -   Extracting VIDEO for 1-1004\A.Beautiful.Mind.2001__#00-42-52_00-45-31_label_A.mp4...
2025-07-09 02:18:20 - FeatureExtractionRunner - ERROR -   Error extracting VIDEO for 1-1004\A.Beautiful.Mind.2001__#00-42-52_00-45-31_label_A.mp4: [Errno 2] No such file or directory: 'g:\\Crime_Detection\\Training\\Processed_Data\\video_features\\1-1004\\A.Beautiful.Mind.2001__#00-42-52_00-45-31_label_A.npy\\1-1004\\A.Beautiful.Mind.2001__#00-42-52_00-45-31_label_A_all.npy'
2025-07-09 02:18:20 - FeatureExtractionRunner - INFO - Processing g:\Crime_Detection\Training\Videos\1-1004\A.Beautiful.Mind.2001__#00-42-52_00-45-31_label_A.mp4: Extraction partially failed or raw file missing for some modalities.
2025-07-09 02:18:20 - FeatureExtractionRunner - INFO - Processing g:\Crime_Detection\Training\Videos\1-1004\A.Beautiful.Mind.2001__#00-45-40_00-47-30_label_A.mp4: Extracting missing features...
2025-07-09 02:18:20 - FeatureExtractionRunner - INFO -   Extracting TEXT for 1-1004\A.Beautiful.Mind.2001__#00-45-40_00-47-30_label_A.mp4...
2025-07-09 02:18:20 - FeatureExtractionRunner - ERROR -   Error extracting TEXT for 1-1004\A.Beautiful.Mind.2001__#00-45-40_00-47-30_label_A.mp4: [Errno 2] No such file or directory: 'g:\\Crime_Detection\\Training\\Processed_Data\\text_features\\1-1004\\A.Beautiful.Mind.2001__#00-45-40_00-47-30_label_A.npy\\1-1004\\A.Beautiful.Mind.2001__#00-45-40_00-47-30_label_A_roberta_features.npy'
2025-07-09 02:18:20 - FeatureExtractionRunner - INFO -   Extracting AUDIO for 1-1004\A.Beautiful.Mind.2001__#00-45-40_00-47-30_label_A.mp4...
2025-07-09 02:18:20 - FeatureExtractionRunner - WARNING -   AUDIO feature extraction failed for 1-1004\A.Beautiful.Mind.2001__#00-45-40_00-47-30_label_A.mp4.
2025-07-09 02:18:20 - FeatureExtractionRunner - INFO -   Extracting VIDEO for 1-1004\A.Beautiful.Mind.2001__#00-45-40_00-47-30_label_A.mp4...
2025-07-09 02:18:53 - FeatureExtractionRunner - ERROR -   Error extracting VIDEO for 1-1004\A.Beautiful.Mind.2001__#00-45-40_00-47-30_label_A.mp4: [Errno 2] No such file or directory: 'g:\\Crime_Detection\\Training\\Processed_Data\\video_features\\1-1004\\A.Beautiful.Mind.2001__#00-45-40_00-47-30_label_A.npy\\1-1004\\A.Beautiful.Mind.2001__#00-45-40_00-47-30_label_A_all.npy'
2025-07-09 02:18:53 - FeatureExtractionRunner - INFO - Processing g:\Crime_Detection\Training\Videos\1-1004\A.Beautiful.Mind.2001__#00-45-40_00-47-30_label_A.mp4: Extraction partially failed or raw file missing for some modalities.
2025-07-09 02:18:53 - FeatureExtractionRunner - INFO - Processing g:\Crime_Detection\Training\Videos\1-1004\A.Beautiful.Mind.2001__#00-57-20_00-58-17_label_A.mp4: Extracting missing features...
2025-07-09 02:18:53 - FeatureExtractionRunner - INFO -   Extracting TEXT for 1-1004\A.Beautiful.Mind.2001__#00-57-20_00-58-17_label_A.mp4...
2025-07-09 02:18:53 - FeatureExtractionRunner - ERROR -   Error extracting TEXT for 1-1004\A.Beautiful.Mind.2001__#00-57-20_00-58-17_label_A.mp4: [Errno 2] No such file or directory: 'g:\\Crime_Detection\\Training\\Processed_Data\\text_features\\1-1004\\A.Beautiful.Mind.2001__#00-57-20_00-58-17_label_A.npy\\1-1004\\A.Beautiful.Mind.2001__#00-57-20_00-58-17_label_A_roberta_features.npy'
2025-07-09 02:18:53 - FeatureExtractionRunner - INFO -   Extracting AUDIO for 1-1004\A.Beautiful.Mind.2001__#00-57-20_00-58-17_label_A.mp4...
2025-07-09 02:18:53 - FeatureExtractionRunner - WARNING -   AUDIO feature extraction failed for 1-1004\A.Beautiful.Mind.2001__#00-57-20_00-58-17_label_A.mp4.
2025-07-09 02:18:53 - FeatureExtractionRunner - INFO -   Extracting VIDEO for 1-1004\A.Beautiful.Mind.2001__#00-57-20_00-58-17_label_A.mp4...
2025-07-09 02:19:10 - FeatureExtractionRunner - ERROR -   Error extracting VIDEO for 1-1004\A.Beautiful.Mind.2001__#00-57-20_00-58-17_label_A.mp4: [Errno 2] No such file or directory: 'g:\\Crime_Detection\\Training\\Processed_Data\\video_features\\1-1004\\A.Beautiful.Mind.2001__#00-57-20_00-58-17_label_A.npy\\1-1004\\A.Beautiful.Mind.2001__#00-57-20_00-58-17_label_A_all.npy'
2025-07-09 02:19:10 - FeatureExtractionRunner - INFO - Processing g:\Crime_Detection\Training\Videos\1-1004\A.Beautiful.Mind.2001__#00-57-20_00-58-17_label_A.mp4: Extraction partially failed or raw file missing for some modalities.
2025-07-09 02:19:10 - FeatureExtractionRunner - INFO - Processing g:\Crime_Detection\Training\Videos\1-1004\A.Beautiful.Mind.2001__#00-58-18_01-02-30_label_A.mp4: Extracting missing features...
2025-07-09 02:19:10 - FeatureExtractionRunner - INFO -   Extracting TEXT for 1-1004\A.Beautiful.Mind.2001__#00-58-18_01-02-30_label_A.mp4...
2025-07-09 02:19:10 - FeatureExtractionRunner - ERROR -   Error extracting TEXT for 1-1004\A.Beautiful.Mind.2001__#00-58-18_01-02-30_label_A.mp4: [Errno 2] No such file or directory: 'g:\\Crime_Detection\\Training\\Processed_Data\\text_features\\1-1004\\A.Beautiful.Mind.2001__#00-58-18_01-02-30_label_A.npy\\1-1004\\A.Beautiful.Mind.2001__#00-58-18_01-02-30_label_A_roberta_features.npy'
2025-07-09 02:19:10 - FeatureExtractionRunner - INFO -   Extracting AUDIO for 1-1004\A.Beautiful.Mind.2001__#00-58-18_01-02-30_label_A.mp4...
2025-07-09 02:19:10 - FeatureExtractionRunner - WARNING -   AUDIO feature extraction failed for 1-1004\A.Beautiful.Mind.2001__#00-58-18_01-02-30_label_A.mp4.
2025-07-09 02:19:10 - FeatureExtractionRunner - INFO -   Extracting VIDEO for 1-1004\A.Beautiful.Mind.2001__#00-58-18_01-02-30_label_A.mp4...
2025-07-09 02:20:30 - FeatureExtractionRunner - ERROR -   Error extracting VIDEO for 1-1004\A.Beautiful.Mind.2001__#00-58-18_01-02-30_label_A.mp4: [Errno 2] No such file or directory: 'g:\\Crime_Detection\\Training\\Processed_Data\\video_features\\1-1004\\A.Beautiful.Mind.2001__#00-58-18_01-02-30_label_A.npy\\1-1004\\A.Beautiful.Mind.2001__#00-58-18_01-02-30_label_A_all.npy'
2025-07-09 02:20:30 - FeatureExtractionRunner - INFO - Processing g:\Crime_Detection\Training\Videos\1-1004\A.Beautiful.Mind.2001__#00-58-18_01-02-30_label_A.mp4: Extraction partially failed or raw file missing for some modalities.
2025-07-09 02:20:30 - FeatureExtractionRunner - INFO - Processing g:\Crime_Detection\Training\Videos\1-1004\A.Beautiful.Mind.2001__#01-21-22_01-25-40_label_A.mp4: Extracting missing features...
2025-07-09 02:20:30 - FeatureExtractionRunner - INFO -   Extracting TEXT for 1-1004\A.Beautiful.Mind.2001__#01-21-22_01-25-40_label_A.mp4...
2025-07-09 02:20:31 - FeatureExtractionRunner - ERROR -   Error extracting TEXT for 1-1004\A.Beautiful.Mind.2001__#01-21-22_01-25-40_label_A.mp4: [Errno 2] No such file or directory: 'g:\\Crime_Detection\\Training\\Processed_Data\\text_features\\1-1004\\A.Beautiful.Mind.2001__#01-21-22_01-25-40_label_A.npy\\1-1004\\A.Beautiful.Mind.2001__#01-21-22_01-25-40_label_A_roberta_features.npy'
2025-07-09 02:20:31 - FeatureExtractionRunner - INFO -   Extracting AUDIO for 1-1004\A.Beautiful.Mind.2001__#01-21-22_01-25-40_label_A.mp4...
2025-07-09 02:20:31 - FeatureExtractionRunner - WARNING -   AUDIO feature extraction failed for 1-1004\A.Beautiful.Mind.2001__#01-21-22_01-25-40_label_A.mp4.
2025-07-09 02:20:31 - FeatureExtractionRunner - INFO -   Extracting VIDEO for 1-1004\A.Beautiful.Mind.2001__#01-21-22_01-25-40_label_A.mp4...
2025-07-09 02:21:51 - FeatureExtractionRunner - ERROR -   Error extracting VIDEO for 1-1004\A.Beautiful.Mind.2001__#01-21-22_01-25-40_label_A.mp4: [Errno 2] No such file or directory: 'g:\\Crime_Detection\\Training\\Processed_Data\\video_features\\1-1004\\A.Beautiful.Mind.2001__#01-21-22_01-25-40_label_A.npy\\1-1004\\A.Beautiful.Mind.2001__#01-21-22_01-25-40_label_A_all.npy'
2025-07-09 02:21:51 - FeatureExtractionRunner - INFO - Processing g:\Crime_Detection\Training\Videos\1-1004\A.Beautiful.Mind.2001__#01-21-22_01-25-40_label_A.mp4: Extraction partially failed or raw file missing for some modalities.
2025-07-09 02:21:51 - FeatureExtractionRunner - INFO - Processing g:\Crime_Detection\Training\Videos\1-1004\A.Beautiful.Mind.2001__#01-26-10_01-28-00_label_A.mp4: Extracting missing features...
2025-07-09 02:21:51 - FeatureExtractionRunner - INFO -   Extracting TEXT for 1-1004\A.Beautiful.Mind.2001__#01-26-10_01-28-00_label_A.mp4...
2025-07-09 02:21:51 - FeatureExtractionRunner - ERROR -   Error extracting TEXT for 1-1004\A.Beautiful.Mind.2001__#01-26-10_01-28-00_label_A.mp4: [Errno 2] No such file or directory: 'g:\\Crime_Detection\\Training\\Processed_Data\\text_features\\1-1004\\A.Beautiful.Mind.2001__#01-26-10_01-28-00_label_A.npy\\1-1004\\A.Beautiful.Mind.2001__#01-26-10_01-28-00_label_A_roberta_features.npy'
2025-07-09 02:21:51 - FeatureExtractionRunner - INFO -   Extracting AUDIO for 1-1004\A.Beautiful.Mind.2001__#01-26-10_01-28-00_label_A.mp4...
2025-07-09 02:21:51 - FeatureExtractionRunner - WARNING -   AUDIO feature extraction failed for 1-1004\A.Beautiful.Mind.2001__#01-26-10_01-28-00_label_A.mp4.
2025-07-09 02:21:51 - FeatureExtractionRunner - INFO -   Extracting VIDEO for 1-1004\A.Beautiful.Mind.2001__#01-26-10_01-28-00_label_A.mp4...
2025-07-09 02:22:23 - FeatureExtractionRunner - ERROR -   Error extracting VIDEO for 1-1004\A.Beautiful.Mind.2001__#01-26-10_01-28-00_label_A.mp4: [Errno 2] No such file or directory: 'g:\\Crime_Detection\\Training\\Processed_Data\\video_features\\1-1004\\A.Beautiful.Mind.2001__#01-26-10_01-28-00_label_A.npy\\1-1004\\A.Beautiful.Mind.2001__#01-26-10_01-28-00_label_A_all.npy'
2025-07-09 02:22:23 - FeatureExtractionRunner - INFO - Processing g:\Crime_Detection\Training\Videos\1-1004\A.Beautiful.Mind.2001__#01-26-10_01-28-00_label_A.mp4: Extraction partially failed or raw file missing for some modalities.
2025-07-09 02:22:23 - FeatureExtractionRunner - INFO - Processing g:\Crime_Detection\Training\Videos\1-1004\A.Beautiful.Mind.2001__#01-29-31_01-31-00_label_A.mp4: Extracting missing features...
2025-07-09 02:22:23 - FeatureExtractionRunner - INFO -   Extracting TEXT for 1-1004\A.Beautiful.Mind.2001__#01-29-31_01-31-00_label_A.mp4...
2025-07-09 02:22:24 - FeatureExtractionRunner - ERROR -   Error extracting TEXT for 1-1004\A.Beautiful.Mind.2001__#01-29-31_01-31-00_label_A.mp4: [Errno 2] No such file or directory: 'g:\\Crime_Detection\\Training\\Processed_Data\\text_features\\1-1004\\A.Beautiful.Mind.2001__#01-29-31_01-31-00_label_A.npy\\1-1004\\A.Beautiful.Mind.2001__#01-29-31_01-31-00_label_A_roberta_features.npy'
2025-07-09 02:22:24 - FeatureExtractionRunner - INFO -   Extracting AUDIO for 1-1004\A.Beautiful.Mind.2001__#01-29-31_01-31-00_label_A.mp4...
2025-07-09 02:22:24 - FeatureExtractionRunner - WARNING -   AUDIO feature extraction failed for 1-1004\A.Beautiful.Mind.2001__#01-29-31_01-31-00_label_A.mp4.
2025-07-09 02:22:24 - FeatureExtractionRunner - INFO -   Extracting VIDEO for 1-1004\A.Beautiful.Mind.2001__#01-29-31_01-31-00_label_A.mp4...
2025-07-09 02:22:51 - FeatureExtractionRunner - ERROR -   Error extracting VIDEO for 1-1004\A.Beautiful.Mind.2001__#01-29-31_01-31-00_label_A.mp4: [Errno 2] No such file or directory: 'g:\\Crime_Detection\\Training\\Processed_Data\\video_features\\1-1004\\A.Beautiful.Mind.2001__#01-29-31_01-31-00_label_A.npy\\1-1004\\A.Beautiful.Mind.2001__#01-29-31_01-31-00_label_A_all.npy'
2025-07-09 02:22:51 - FeatureExtractionRunner - INFO - Processing g:\Crime_Detection\Training\Videos\1-1004\A.Beautiful.Mind.2001__#01-29-31_01-31-00_label_A.mp4: Extraction partially failed or raw file missing for some modalities.
2025-07-09 02:22:51 - FeatureExtractionRunner - INFO - Processing g:\Crime_Detection\Training\Videos\1-1004\A.Beautiful.Mind.2001__#01-39-05_01-41-00_label_A.mp4: Extracting missing features...
2025-07-09 02:22:51 - FeatureExtractionRunner - INFO -   Extracting TEXT for 1-1004\A.Beautiful.Mind.2001__#01-39-05_01-41-00_label_A.mp4...
2025-07-09 02:22:51 - FeatureExtractionRunner - ERROR -   Error extracting TEXT for 1-1004\A.Beautiful.Mind.2001__#01-39-05_01-41-00_label_A.mp4: [Errno 2] No such file or directory: 'g:\\Crime_Detection\\Training\\Processed_Data\\text_features\\1-1004\\A.Beautiful.Mind.2001__#01-39-05_01-41-00_label_A.npy\\1-1004\\A.Beautiful.Mind.2001__#01-39-05_01-41-00_label_A_roberta_features.npy'
2025-07-09 02:22:51 - FeatureExtractionRunner - INFO -   Extracting AUDIO for 1-1004\A.Beautiful.Mind.2001__#01-39-05_01-41-00_label_A.mp4...
2025-07-09 02:22:51 - FeatureExtractionRunner - WARNING -   AUDIO feature extraction failed for 1-1004\A.Beautiful.Mind.2001__#01-39-05_01-41-00_label_A.mp4.
2025-07-09 02:22:51 - FeatureExtractionRunner - INFO -   Extracting VIDEO for 1-1004\A.Beautiful.Mind.2001__#01-39-05_01-41-00_label_A.mp4...
2025-07-09 02:23:27 - FeatureExtractionRunner - ERROR -   Error extracting VIDEO for 1-1004\A.Beautiful.Mind.2001__#01-39-05_01-41-00_label_A.mp4: [Errno 2] No such file or directory: 'g:\\Crime_Detection\\Training\\Processed_Data\\video_features\\1-1004\\A.Beautiful.Mind.2001__#01-39-05_01-41-00_label_A.npy\\1-1004\\A.Beautiful.Mind.2001__#01-39-05_01-41-00_label_A_all.npy'
2025-07-09 02:23:27 - FeatureExtractionRunner - INFO - Processing g:\Crime_Detection\Training\Videos\1-1004\A.Beautiful.Mind.2001__#01-39-05_01-41-00_label_A.mp4: Extraction partially failed or raw file missing for some modalities.
2025-07-09 02:23:27 - FeatureExtractionRunner - INFO - Processing g:\Crime_Detection\Training\Videos\1-1004\A.Beautiful.Mind.2001__#01-42-06_01-45-53_label_A.mp4: Extracting missing features...
2025-07-09 02:23:27 - FeatureExtractionRunner - INFO -   Extracting TEXT for 1-1004\A.Beautiful.Mind.2001__#01-42-06_01-45-53_label_A.mp4...
2025-07-09 02:23:28 - FeatureExtractionRunner - ERROR -   Error extracting TEXT for 1-1004\A.Beautiful.Mind.2001__#01-42-06_01-45-53_label_A.mp4: [Errno 2] No such file or directory: 'g:\\Crime_Detection\\Training\\Processed_Data\\text_features\\1-1004\\A.Beautiful.Mind.2001__#01-42-06_01-45-53_label_A.npy\\1-1004\\A.Beautiful.Mind.2001__#01-42-06_01-45-53_label_A_roberta_features.npy'
2025-07-09 02:23:28 - FeatureExtractionRunner - INFO -   Extracting AUDIO for 1-1004\A.Beautiful.Mind.2001__#01-42-06_01-45-53_label_A.mp4...
2025-07-09 02:23:28 - FeatureExtractionRunner - WARNING -   AUDIO feature extraction failed for 1-1004\A.Beautiful.Mind.2001__#01-42-06_01-45-53_label_A.mp4.
2025-07-09 02:23:28 - FeatureExtractionRunner - INFO -   Extracting VIDEO for 1-1004\A.Beautiful.Mind.2001__#01-42-06_01-45-53_label_A.mp4...
2025-07-09 02:24:38 - FeatureExtractionRunner - ERROR -   Error extracting VIDEO for 1-1004\A.Beautiful.Mind.2001__#01-42-06_01-45-53_label_A.mp4: [Errno 2] No such file or directory: 'g:\\Crime_Detection\\Training\\Processed_Data\\video_features\\1-1004\\A.Beautiful.Mind.2001__#01-42-06_01-45-53_label_A.npy\\1-1004\\A.Beautiful.Mind.2001__#01-42-06_01-45-53_label_A_all.npy'
2025-07-09 02:24:38 - FeatureExtractionRunner - INFO - Processing g:\Crime_Detection\Training\Videos\1-1004\A.Beautiful.Mind.2001__#01-42-06_01-45-53_label_A.mp4: Extraction partially failed or raw file missing for some modalities.
2025-07-09 02:24:38 - FeatureExtractionRunner - INFO - Processing g:\Crime_Detection\Training\Videos\1-1004\A.Beautiful.Mind.2001__#01-46-20_01-48-10_label_A.mp4: Extracting missing features...
2025-07-09 02:24:38 - FeatureExtractionRunner - INFO -   Extracting TEXT for 1-1004\A.Beautiful.Mind.2001__#01-46-20_01-48-10_label_A.mp4...
2025-07-09 02:24:38 - FeatureExtractionRunner - ERROR -   Error extracting TEXT for 1-1004\A.Beautiful.Mind.2001__#01-46-20_01-48-10_label_A.mp4: [Errno 2] No such file or directory: 'g:\\Crime_Detection\\Training\\Processed_Data\\text_features\\1-1004\\A.Beautiful.Mind.2001__#01-46-20_01-48-10_label_A.npy\\1-1004\\A.Beautiful.Mind.2001__#01-46-20_01-48-10_label_A_roberta_features.npy'
2025-07-09 02:24:38 - FeatureExtractionRunner - INFO -   Extracting AUDIO for 1-1004\A.Beautiful.Mind.2001__#01-46-20_01-48-10_label_A.mp4...
2025-07-09 02:24:38 - FeatureExtractionRunner - WARNING -   AUDIO feature extraction failed for 1-1004\A.Beautiful.Mind.2001__#01-46-20_01-48-10_label_A.mp4.
2025-07-09 02:24:38 - FeatureExtractionRunner - INFO -   Extracting VIDEO for 1-1004\A.Beautiful.Mind.2001__#01-46-20_01-48-10_label_A.mp4...
2025-07-09 02:25:11 - FeatureExtractionRunner - ERROR -   Error extracting VIDEO for 1-1004\A.Beautiful.Mind.2001__#01-46-20_01-48-10_label_A.mp4: [Errno 2] No such file or directory: 'g:\\Crime_Detection\\Training\\Processed_Data\\video_features\\1-1004\\A.Beautiful.Mind.2001__#01-46-20_01-48-10_label_A.npy\\1-1004\\A.Beautiful.Mind.2001__#01-46-20_01-48-10_label_A_all.npy'
2025-07-09 02:25:11 - FeatureExtractionRunner - INFO - Processing g:\Crime_Detection\Training\Videos\1-1004\A.Beautiful.Mind.2001__#01-46-20_01-48-10_label_A.mp4: Extraction partially failed or raw file missing for some modalities.
2025-07-09 02:25:11 - FeatureExtractionRunner - INFO - Processing g:\Crime_Detection\Training\Videos\1-1004\A.Beautiful.Mind.2001__#01-50-50_01-52-00_label_A.mp4: Extracting missing features...
2025-07-09 02:25:11 - FeatureExtractionRunner - INFO -   Extracting TEXT for 1-1004\A.Beautiful.Mind.2001__#01-50-50_01-52-00_label_A.mp4...
2025-07-09 02:25:12 - FeatureExtractionRunner - ERROR -   Error extracting TEXT for 1-1004\A.Beautiful.Mind.2001__#01-50-50_01-52-00_label_A.mp4: [Errno 2] No such file or directory: 'g:\\Crime_Detection\\Training\\Processed_Data\\text_features\\1-1004\\A.Beautiful.Mind.2001__#01-50-50_01-52-00_label_A.npy\\1-1004\\A.Beautiful.Mind.2001__#01-50-50_01-52-00_label_A_roberta_features.npy'
2025-07-09 02:25:12 - FeatureExtractionRunner - INFO -   Extracting AUDIO for 1-1004\A.Beautiful.Mind.2001__#01-50-50_01-52-00_label_A.mp4...
2025-07-09 02:25:12 - FeatureExtractionRunner - WARNING -   AUDIO feature extraction failed for 1-1004\A.Beautiful.Mind.2001__#01-50-50_01-52-00_label_A.mp4.
2025-07-09 02:25:12 - FeatureExtractionRunner - INFO -   Extracting VIDEO for 1-1004\A.Beautiful.Mind.2001__#01-50-50_01-52-00_label_A.mp4...
2025-07-09 02:25:33 - FeatureExtractionRunner - ERROR -   Error extracting VIDEO for 1-1004\A.Beautiful.Mind.2001__#01-50-50_01-52-00_label_A.mp4: [Errno 2] No such file or directory: 'g:\\Crime_Detection\\Training\\Processed_Data\\video_features\\1-1004\\A.Beautiful.Mind.2001__#01-50-50_01-52-00_label_A.npy\\1-1004\\A.Beautiful.Mind.2001__#01-50-50_01-52-00_label_A_all.npy'
2025-07-09 02:25:33 - FeatureExtractionRunner - INFO - Processing g:\Crime_Detection\Training\Videos\1-1004\A.Beautiful.Mind.2001__#01-50-50_01-52-00_label_A.mp4: Extraction partially failed or raw file missing for some modalities.
2025-07-09 02:25:33 - FeatureExtractionRunner - INFO - Processing g:\Crime_Detection\Training\Videos\1-1004\A.Beautiful.Mind.2001__#01-52-20_01-58-00_label_A.mp4: Extracting missing features...
2025-07-09 02:25:33 - FeatureExtractionRunner - INFO -   Extracting TEXT for 1-1004\A.Beautiful.Mind.2001__#01-52-20_01-58-00_label_A.mp4...
2025-07-09 02:25:33 - FeatureExtractionRunner - ERROR -   Error extracting TEXT for 1-1004\A.Beautiful.Mind.2001__#01-52-20_01-58-00_label_A.mp4: [Errno 2] No such file or directory: 'g:\\Crime_Detection\\Training\\Processed_Data\\text_features\\1-1004\\A.Beautiful.Mind.2001__#01-52-20_01-58-00_label_A.npy\\1-1004\\A.Beautiful.Mind.2001__#01-52-20_01-58-00_label_A_roberta_features.npy'
2025-07-09 02:25:33 - FeatureExtractionRunner - INFO -   Extracting AUDIO for 1-1004\A.Beautiful.Mind.2001__#01-52-20_01-58-00_label_A.mp4...
2025-07-09 02:25:33 - FeatureExtractionRunner - WARNING -   AUDIO feature extraction failed for 1-1004\A.Beautiful.Mind.2001__#01-52-20_01-58-00_label_A.mp4.
2025-07-09 02:25:33 - FeatureExtractionRunner - INFO -   Extracting VIDEO for 1-1004\A.Beautiful.Mind.2001__#01-52-20_01-58-00_label_A.mp4...
2025-07-09 02:27:18 - FeatureExtractionRunner - ERROR -   Error extracting VIDEO for 1-1004\A.Beautiful.Mind.2001__#01-52-20_01-58-00_label_A.mp4: [Errno 2] No such file or directory: 'g:\\Crime_Detection\\Training\\Processed_Data\\video_features\\1-1004\\A.Beautiful.Mind.2001__#01-52-20_01-58-00_label_A.npy\\1-1004\\A.Beautiful.Mind.2001__#01-52-20_01-58-00_label_A_all.npy'
2025-07-09 02:27:18 - FeatureExtractionRunner - INFO - Processing g:\Crime_Detection\Training\Videos\1-1004\A.Beautiful.Mind.2001__#01-52-20_01-58-00_label_A.mp4: Extraction partially failed or raw file missing for some modalities.
2025-07-09 02:27:18 - FeatureExtractionRunner - INFO - Processing g:\Crime_Detection\Training\Videos\1-1004\A.Beautiful.Mind.2001__#01-58-20_02-05-00_label_A.mp4: Extracting missing features...
2025-07-09 02:27:18 - FeatureExtractionRunner - INFO -   Extracting TEXT for 1-1004\A.Beautiful.Mind.2001__#01-58-20_02-05-00_label_A.mp4...
2025-07-09 02:27:18 - FeatureExtractionRunner - ERROR -   Error extracting TEXT for 1-1004\A.Beautiful.Mind.2001__#01-58-20_02-05-00_label_A.mp4: [Errno 2] No such file or directory: 'g:\\Crime_Detection\\Training\\Processed_Data\\text_features\\1-1004\\A.Beautiful.Mind.2001__#01-58-20_02-05-00_label_A.npy\\1-1004\\A.Beautiful.Mind.2001__#01-58-20_02-05-00_label_A_roberta_features.npy'
2025-07-09 02:27:18 - FeatureExtractionRunner - INFO -   Extracting AUDIO for 1-1004\A.Beautiful.Mind.2001__#01-58-20_02-05-00_label_A.mp4...
2025-07-09 02:27:18 - FeatureExtractionRunner - WARNING -   AUDIO feature extraction failed for 1-1004\A.Beautiful.Mind.2001__#01-58-20_02-05-00_label_A.mp4.
2025-07-09 02:27:18 - FeatureExtractionRunner - INFO -   Extracting VIDEO for 1-1004\A.Beautiful.Mind.2001__#01-58-20_02-05-00_label_A.mp4...
2025-07-09 02:29:20 - FeatureExtractionRunner - ERROR -   Error extracting VIDEO for 1-1004\A.Beautiful.Mind.2001__#01-58-20_02-05-00_label_A.mp4: [Errno 2] No such file or directory: 'g:\\Crime_Detection\\Training\\Processed_Data\\video_features\\1-1004\\A.Beautiful.Mind.2001__#01-58-20_02-05-00_label_A.npy\\1-1004\\A.Beautiful.Mind.2001__#01-58-20_02-05-00_label_A_all.npy'
2025-07-09 02:29:20 - FeatureExtractionRunner - INFO - Processing g:\Crime_Detection\Training\Videos\1-1004\A.Beautiful.Mind.2001__#01-58-20_02-05-00_label_A.mp4: Extraction partially failed or raw file missing for some modalities.
2025-07-09 02:29:20 - FeatureExtractionRunner - INFO - Processing g:\Crime_Detection\Training\Videos\1-1004\About.Time.2013__#00-01-45_00-02-15_label_A.mp4: Extracting missing features...
2025-07-09 02:29:20 - FeatureExtractionRunner - INFO -   Extracting TEXT for 1-1004\About.Time.2013__#00-01-45_00-02-15_label_A.mp4...
2025-07-09 02:29:20 - FeatureExtractionRunner - ERROR -   Error extracting TEXT for 1-1004\About.Time.2013__#00-01-45_00-02-15_label_A.mp4: [Errno 2] No such file or directory: 'g:\\Crime_Detection\\Training\\Processed_Data\\text_features\\1-1004\\About.Time.2013__#00-01-45_00-02-15_label_A.npy\\1-1004\\About.Time.2013__#00-01-45_00-02-15_label_A_roberta_features.npy'
2025-07-09 02:29:20 - FeatureExtractionRunner - INFO -   Extracting AUDIO for 1-1004\About.Time.2013__#00-01-45_00-02-15_label_A.mp4...
2025-07-09 02:29:20 - FeatureExtractionRunner - WARNING -   AUDIO feature extraction failed for 1-1004\About.Time.2013__#00-01-45_00-02-15_label_A.mp4.
2025-07-09 02:29:20 - FeatureExtractionRunner - INFO -   Extracting VIDEO for 1-1004\About.Time.2013__#00-01-45_00-02-15_label_A.mp4...
2025-07-09 02:29:30 - FeatureExtractionRunner - ERROR -   Error extracting VIDEO for 1-1004\About.Time.2013__#00-01-45_00-02-15_label_A.mp4: [Errno 2] No such file or directory: 'g:\\Crime_Detection\\Training\\Processed_Data\\video_features\\1-1004\\About.Time.2013__#00-01-45_00-02-15_label_A.npy\\1-1004\\About.Time.2013__#00-01-45_00-02-15_label_A_all.npy'
2025-07-09 02:29:30 - FeatureExtractionRunner - INFO - Processing g:\Crime_Detection\Training\Videos\1-1004\About.Time.2013__#00-01-45_00-02-15_label_A.mp4: Extraction partially failed or raw file missing for some modalities.
2025-07-09 02:29:30 - FeatureExtractionRunner - INFO - Processing g:\Crime_Detection\Training\Videos\1-1004\About.Time.2013__#00-04-20_00-05-35_label_A.mp4: Extracting missing features...
2025-07-09 02:29:30 - FeatureExtractionRunner - INFO -   Extracting TEXT for 1-1004\About.Time.2013__#00-04-20_00-05-35_label_A.mp4...
2025-07-09 02:29:30 - FeatureExtractionRunner - ERROR -   Error extracting TEXT for 1-1004\About.Time.2013__#00-04-20_00-05-35_label_A.mp4: [Errno 2] No such file or directory: 'g:\\Crime_Detection\\Training\\Processed_Data\\text_features\\1-1004\\About.Time.2013__#00-04-20_00-05-35_label_A.npy\\1-1004\\About.Time.2013__#00-04-20_00-05-35_label_A_roberta_features.npy'
2025-07-09 02:29:30 - FeatureExtractionRunner - INFO -   Extracting AUDIO for 1-1004\About.Time.2013__#00-04-20_00-05-35_label_A.mp4...
2025-07-09 02:29:30 - FeatureExtractionRunner - WARNING -   AUDIO feature extraction failed for 1-1004\About.Time.2013__#00-04-20_00-05-35_label_A.mp4.
2025-07-09 02:29:30 - FeatureExtractionRunner - INFO -   Extracting VIDEO for 1-1004\About.Time.2013__#00-04-20_00-05-35_label_A.mp4...
2025-07-09 02:29:54 - FeatureExtractionRunner - ERROR -   Error extracting VIDEO for 1-1004\About.Time.2013__#00-04-20_00-05-35_label_A.mp4: [Errno 2] No such file or directory: 'g:\\Crime_Detection\\Training\\Processed_Data\\video_features\\1-1004\\About.Time.2013__#00-04-20_00-05-35_label_A.npy\\1-1004\\About.Time.2013__#00-04-20_00-05-35_label_A_all.npy'
2025-07-09 02:29:54 - FeatureExtractionRunner - INFO - Processing g:\Crime_Detection\Training\Videos\1-1004\About.Time.2013__#00-04-20_00-05-35_label_A.mp4: Extraction partially failed or raw file missing for some modalities.
2025-07-09 02:29:54 - FeatureExtractionRunner - INFO - Processing g:\Crime_Detection\Training\Videos\1-1004\About.Time.2013__#00-05-52_00-08-22_label_A.mp4: Extracting missing features...
2025-07-09 02:29:54 - FeatureExtractionRunner - INFO -   Extracting TEXT for 1-1004\About.Time.2013__#00-05-52_00-08-22_label_A.mp4...
2025-07-09 02:29:54 - FeatureExtractionRunner - ERROR -   Error extracting TEXT for 1-1004\About.Time.2013__#00-05-52_00-08-22_label_A.mp4: [Errno 2] No such file or directory: 'g:\\Crime_Detection\\Training\\Processed_Data\\text_features\\1-1004\\About.Time.2013__#00-05-52_00-08-22_label_A.npy\\1-1004\\About.Time.2013__#00-05-52_00-08-22_label_A_roberta_features.npy'
2025-07-09 02:29:54 - FeatureExtractionRunner - INFO -   Extracting AUDIO for 1-1004\About.Time.2013__#00-05-52_00-08-22_label_A.mp4...
2025-07-09 02:29:54 - FeatureExtractionRunner - WARNING -   AUDIO feature extraction failed for 1-1004\About.Time.2013__#00-05-52_00-08-22_label_A.mp4.
2025-07-09 02:29:54 - FeatureExtractionRunner - INFO -   Extracting VIDEO for 1-1004\About.Time.2013__#00-05-52_00-08-22_label_A.mp4...
2025-07-09 02:30:41 - FeatureExtractionRunner - ERROR -   Error extracting VIDEO for 1-1004\About.Time.2013__#00-05-52_00-08-22_label_A.mp4: [Errno 2] No such file or directory: 'g:\\Crime_Detection\\Training\\Processed_Data\\video_features\\1-1004\\About.Time.2013__#00-05-52_00-08-22_label_A.npy\\1-1004\\About.Time.2013__#00-05-52_00-08-22_label_A_all.npy'
2025-07-09 02:30:41 - FeatureExtractionRunner - INFO - Processing g:\Crime_Detection\Training\Videos\1-1004\About.Time.2013__#00-05-52_00-08-22_label_A.mp4: Extraction partially failed or raw file missing for some modalities.
2025-07-09 02:30:41 - FeatureExtractionRunner - INFO - Processing g:\Crime_Detection\Training\Videos\1-1004\About.Time.2013__#00-08-55_00-10-50_label_A.mp4: Extracting missing features...
2025-07-09 02:30:41 - FeatureExtractionRunner - INFO -   Extracting TEXT for 1-1004\About.Time.2013__#00-08-55_00-10-50_label_A.mp4...
2025-07-09 02:30:41 - FeatureExtractionRunner - ERROR -   Error extracting TEXT for 1-1004\About.Time.2013__#00-08-55_00-10-50_label_A.mp4: [Errno 2] No such file or directory: 'g:\\Crime_Detection\\Training\\Processed_Data\\text_features\\1-1004\\About.Time.2013__#00-08-55_00-10-50_label_A.npy\\1-1004\\About.Time.2013__#00-08-55_00-10-50_label_A_roberta_features.npy'
2025-07-09 02:30:41 - FeatureExtractionRunner - INFO -   Extracting AUDIO for 1-1004\About.Time.2013__#00-08-55_00-10-50_label_A.mp4...
2025-07-09 02:30:41 - FeatureExtractionRunner - WARNING -   AUDIO feature extraction failed for 1-1004\About.Time.2013__#00-08-55_00-10-50_label_A.mp4.
2025-07-09 02:30:41 - FeatureExtractionRunner - INFO -   Extracting VIDEO for 1-1004\About.Time.2013__#00-08-55_00-10-50_label_A.mp4...
2025-07-09 02:31:16 - FeatureExtractionRunner - ERROR -   Error extracting VIDEO for 1-1004\About.Time.2013__#00-08-55_00-10-50_label_A.mp4: [Errno 2] No such file or directory: 'g:\\Crime_Detection\\Training\\Processed_Data\\video_features\\1-1004\\About.Time.2013__#00-08-55_00-10-50_label_A.npy\\1-1004\\About.Time.2013__#00-08-55_00-10-50_label_A_all.npy'
2025-07-09 02:31:16 - FeatureExtractionRunner - INFO - Processing g:\Crime_Detection\Training\Videos\1-1004\About.Time.2013__#00-08-55_00-10-50_label_A.mp4: Extraction partially failed or raw file missing for some modalities.
2025-07-09 02:31:16 - FeatureExtractionRunner - INFO - Processing g:\Crime_Detection\Training\Videos\1-1004\About.Time.2013__#00-11-00_00-15-08_label_A.mp4: Extracting missing features...
2025-07-09 02:31:16 - FeatureExtractionRunner - INFO -   Extracting TEXT for 1-1004\About.Time.2013__#00-11-00_00-15-08_label_A.mp4...
2025-07-09 02:31:16 - FeatureExtractionRunner - ERROR -   Error extracting TEXT for 1-1004\About.Time.2013__#00-11-00_00-15-08_label_A.mp4: [Errno 2] No such file or directory: 'g:\\Crime_Detection\\Training\\Processed_Data\\text_features\\1-1004\\About.Time.2013__#00-11-00_00-15-08_label_A.npy\\1-1004\\About.Time.2013__#00-11-00_00-15-08_label_A_roberta_features.npy'
2025-07-09 02:31:16 - FeatureExtractionRunner - INFO -   Extracting AUDIO for 1-1004\About.Time.2013__#00-11-00_00-15-08_label_A.mp4...
2025-07-09 02:31:16 - FeatureExtractionRunner - WARNING -   AUDIO feature extraction failed for 1-1004\About.Time.2013__#00-11-00_00-15-08_label_A.mp4.
2025-07-09 02:31:16 - FeatureExtractionRunner - INFO -   Extracting VIDEO for 1-1004\About.Time.2013__#00-11-00_00-15-08_label_A.mp4...
2025-07-09 02:32:33 - FeatureExtractionRunner - ERROR -   Error extracting VIDEO for 1-1004\About.Time.2013__#00-11-00_00-15-08_label_A.mp4: [Errno 2] No such file or directory: 'g:\\Crime_Detection\\Training\\Processed_Data\\video_features\\1-1004\\About.Time.2013__#00-11-00_00-15-08_label_A.npy\\1-1004\\About.Time.2013__#00-11-00_00-15-08_label_A_all.npy'
2025-07-09 02:32:33 - FeatureExtractionRunner - INFO - Processing g:\Crime_Detection\Training\Videos\1-1004\About.Time.2013__#00-11-00_00-15-08_label_A.mp4: Extraction partially failed or raw file missing for some modalities.
2025-07-09 02:32:33 - FeatureExtractionRunner - INFO - Processing g:\Crime_Detection\Training\Videos\1-1004\About.Time.2013__#00-16-18_00-17-27_label_A.mp4: Extracting missing features...
2025-07-09 02:32:33 - FeatureExtractionRunner - INFO -   Extracting TEXT for 1-1004\About.Time.2013__#00-16-18_00-17-27_label_A.mp4...
2025-07-09 02:32:34 - FeatureExtractionRunner - ERROR -   Error extracting TEXT for 1-1004\About.Time.2013__#00-16-18_00-17-27_label_A.mp4: [Errno 2] No such file or directory: 'g:\\Crime_Detection\\Training\\Processed_Data\\text_features\\1-1004\\About.Time.2013__#00-16-18_00-17-27_label_A.npy\\1-1004\\About.Time.2013__#00-16-18_00-17-27_label_A_roberta_features.npy'
2025-07-09 02:32:34 - FeatureExtractionRunner - INFO -   Extracting AUDIO for 1-1004\About.Time.2013__#00-16-18_00-17-27_label_A.mp4...
2025-07-09 02:32:34 - FeatureExtractionRunner - WARNING -   AUDIO feature extraction failed for 1-1004\About.Time.2013__#00-16-18_00-17-27_label_A.mp4.
2025-07-09 02:32:34 - FeatureExtractionRunner - INFO -   Extracting VIDEO for 1-1004\About.Time.2013__#00-16-18_00-17-27_label_A.mp4...
2025-07-09 02:32:55 - FeatureExtractionRunner - ERROR -   Error extracting VIDEO for 1-1004\About.Time.2013__#00-16-18_00-17-27_label_A.mp4: [Errno 2] No such file or directory: 'g:\\Crime_Detection\\Training\\Processed_Data\\video_features\\1-1004\\About.Time.2013__#00-16-18_00-17-27_label_A.npy\\1-1004\\About.Time.2013__#00-16-18_00-17-27_label_A_all.npy'
2025-07-09 02:32:55 - FeatureExtractionRunner - INFO - Processing g:\Crime_Detection\Training\Videos\1-1004\About.Time.2013__#00-16-18_00-17-27_label_A.mp4: Extraction partially failed or raw file missing for some modalities.
2025-07-09 02:32:55 - FeatureExtractionRunner - INFO - Processing g:\Crime_Detection\Training\Videos\1-1004\About.Time.2013__#00-17-30_00-19-10_label_A.mp4: Extracting missing features...
2025-07-09 02:32:55 - FeatureExtractionRunner - INFO -   Extracting TEXT for 1-1004\About.Time.2013__#00-17-30_00-19-10_label_A.mp4...
2025-07-09 02:32:55 - FeatureExtractionRunner - ERROR -   Error extracting TEXT for 1-1004\About.Time.2013__#00-17-30_00-19-10_label_A.mp4: [Errno 2] No such file or directory: 'g:\\Crime_Detection\\Training\\Processed_Data\\text_features\\1-1004\\About.Time.2013__#00-17-30_00-19-10_label_A.npy\\1-1004\\About.Time.2013__#00-17-30_00-19-10_label_A_roberta_features.npy'
2025-07-09 02:32:55 - FeatureExtractionRunner - INFO -   Extracting AUDIO for 1-1004\About.Time.2013__#00-17-30_00-19-10_label_A.mp4...
2025-07-09 02:32:55 - FeatureExtractionRunner - WARNING -   AUDIO feature extraction failed for 1-1004\About.Time.2013__#00-17-30_00-19-10_label_A.mp4.
2025-07-09 02:32:55 - FeatureExtractionRunner - INFO -   Extracting VIDEO for 1-1004\About.Time.2013__#00-17-30_00-19-10_label_A.mp4...
2025-07-09 02:33:25 - FeatureExtractionRunner - ERROR -   Error extracting VIDEO for 1-1004\About.Time.2013__#00-17-30_00-19-10_label_A.mp4: [Errno 2] No such file or directory: 'g:\\Crime_Detection\\Training\\Processed_Data\\video_features\\1-1004\\About.Time.2013__#00-17-30_00-19-10_label_A.npy\\1-1004\\About.Time.2013__#00-17-30_00-19-10_label_A_all.npy'
2025-07-09 02:33:25 - FeatureExtractionRunner - INFO - Processing g:\Crime_Detection\Training\Videos\1-1004\About.Time.2013__#00-17-30_00-19-10_label_A.mp4: Extraction partially failed or raw file missing for some modalities.
2025-07-09 02:33:25 - FeatureExtractionRunner - INFO - Processing g:\Crime_Detection\Training\Videos\1-1004\About.Time.2013__#00-20-35_00-23-06_label_A.mp4: Extracting missing features...
2025-07-09 02:33:25 - FeatureExtractionRunner - INFO -   Extracting TEXT for 1-1004\About.Time.2013__#00-20-35_00-23-06_label_A.mp4...
2025-07-09 02:33:25 - FeatureExtractionRunner - ERROR -   Error extracting TEXT for 1-1004\About.Time.2013__#00-20-35_00-23-06_label_A.mp4: [Errno 2] No such file or directory: 'g:\\Crime_Detection\\Training\\Processed_Data\\text_features\\1-1004\\About.Time.2013__#00-20-35_00-23-06_label_A.npy\\1-1004\\About.Time.2013__#00-20-35_00-23-06_label_A_roberta_features.npy'
2025-07-09 02:33:25 - FeatureExtractionRunner - INFO -   Extracting AUDIO for 1-1004\About.Time.2013__#00-20-35_00-23-06_label_A.mp4...
2025-07-09 02:33:25 - FeatureExtractionRunner - WARNING -   AUDIO feature extraction failed for 1-1004\About.Time.2013__#00-20-35_00-23-06_label_A.mp4.
2025-07-09 02:33:25 - FeatureExtractionRunner - INFO -   Extracting VIDEO for 1-1004\About.Time.2013__#00-20-35_00-23-06_label_A.mp4...
2025-07-09 02:34:11 - FeatureExtractionRunner - ERROR -   Error extracting VIDEO for 1-1004\About.Time.2013__#00-20-35_00-23-06_label_A.mp4: [Errno 2] No such file or directory: 'g:\\Crime_Detection\\Training\\Processed_Data\\video_features\\1-1004\\About.Time.2013__#00-20-35_00-23-06_label_A.npy\\1-1004\\About.Time.2013__#00-20-35_00-23-06_label_A_all.npy'
2025-07-09 02:34:11 - FeatureExtractionRunner - INFO - Processing g:\Crime_Detection\Training\Videos\1-1004\About.Time.2013__#00-20-35_00-23-06_label_A.mp4: Extraction partially failed or raw file missing for some modalities.
2025-07-09 02:34:11 - FeatureExtractionRunner - INFO - Processing g:\Crime_Detection\Training\Videos\1-1004\About.Time.2013__#00-25-20_00-29-40_label_A.mp4: Extracting missing features...
2025-07-09 02:34:11 - FeatureExtractionRunner - INFO -   Extracting TEXT for 1-1004\About.Time.2013__#00-25-20_00-29-40_label_A.mp4...
2025-07-09 02:34:11 - FeatureExtractionRunner - ERROR -   Error extracting TEXT for 1-1004\About.Time.2013__#00-25-20_00-29-40_label_A.mp4: [Errno 2] No such file or directory: 'g:\\Crime_Detection\\Training\\Processed_Data\\text_features\\1-1004\\About.Time.2013__#00-25-20_00-29-40_label_A.npy\\1-1004\\About.Time.2013__#00-25-20_00-29-40_label_A_roberta_features.npy'
2025-07-09 02:34:11 - FeatureExtractionRunner - INFO -   Extracting AUDIO for 1-1004\About.Time.2013__#00-25-20_00-29-40_label_A.mp4...
2025-07-09 02:34:11 - FeatureExtractionRunner - WARNING -   AUDIO feature extraction failed for 1-1004\About.Time.2013__#00-25-20_00-29-40_label_A.mp4.
2025-07-09 02:34:11 - FeatureExtractionRunner - INFO -   Extracting VIDEO for 1-1004\About.Time.2013__#00-25-20_00-29-40_label_A.mp4...
2025-07-09 02:35:29 - FeatureExtractionRunner - ERROR -   Error extracting VIDEO for 1-1004\About.Time.2013__#00-25-20_00-29-40_label_A.mp4: [Errno 2] No such file or directory: 'g:\\Crime_Detection\\Training\\Processed_Data\\video_features\\1-1004\\About.Time.2013__#00-25-20_00-29-40_label_A.npy\\1-1004\\About.Time.2013__#00-25-20_00-29-40_label_A_all.npy'
2025-07-09 02:35:29 - FeatureExtractionRunner - INFO - Processing g:\Crime_Detection\Training\Videos\1-1004\About.Time.2013__#00-25-20_00-29-40_label_A.mp4: Extraction partially failed or raw file missing for some modalities.
2025-07-09 02:35:29 - FeatureExtractionRunner - INFO - Processing g:\Crime_Detection\Training\Videos\1-1004\About.Time.2013__#00-33-52_00-38-31_label_A.mp4: Extracting missing features...
2025-07-09 02:35:29 - FeatureExtractionRunner - INFO -   Extracting TEXT for 1-1004\About.Time.2013__#00-33-52_00-38-31_label_A.mp4...
2025-07-09 02:35:29 - FeatureExtractionRunner - ERROR -   Error extracting TEXT for 1-1004\About.Time.2013__#00-33-52_00-38-31_label_A.mp4: [Errno 2] No such file or directory: 'g:\\Crime_Detection\\Training\\Processed_Data\\text_features\\1-1004\\About.Time.2013__#00-33-52_00-38-31_label_A.npy\\1-1004\\About.Time.2013__#00-33-52_00-38-31_label_A_roberta_features.npy'
2025-07-09 02:35:29 - FeatureExtractionRunner - INFO -   Extracting AUDIO for 1-1004\About.Time.2013__#00-33-52_00-38-31_label_A.mp4...
2025-07-09 02:35:29 - FeatureExtractionRunner - WARNING -   AUDIO feature extraction failed for 1-1004\About.Time.2013__#00-33-52_00-38-31_label_A.mp4.
2025-07-09 02:35:29 - FeatureExtractionRunner - INFO -   Extracting VIDEO for 1-1004\About.Time.2013__#00-33-52_00-38-31_label_A.mp4...
