2025-07-07 17:24:07,234 - FeatureExtractionRunner - INFO - ================================================================================
2025-07-07 17:24:07,234 - FeatureExtractionRunner - INFO - STARTING ALL FEATURE EXTRACTION PIPELINES
2025-07-07 17:24:07,234 - FeatureExtractionRunner - INFO - Log file: g:\Crime_Detection\logs\feature_extraction_run_20250707_172407.log
2025-07-07 17:24:07,234 - FeatureExtractionRunner - INFO - Feature output base directories: {'audio': 'g:\\Crime_Detection\\Training\\Processed_Data\\audio_features', 'video': 'g:\\Crime_Detection\\Training\\Processed_Data\\video_features', 'text': 'g:\\Crime_Detection\\Training\\Processed_Data\\text_features'}
2025-07-07 17:24:07,534 - FeatureExtractionRunner - INFO - ================================================================================
2025-07-07 17:24:07,534 - FeatureExtractionRunner - INFO - Initializing RobustTextFeatureExtractor...
2025-07-07 17:24:09,750 - FeatureExtractionRunner - INFO - RobustTextFeatureExtractor initialized.
2025-07-07 17:24:09,750 - FeatureExtractionRunner - INFO - Initializing AudioFeatureExtractor...
2025-07-07 17:24:09,750 - AudioExtractor - INFO - Attempting loading strategy 1...
2025-07-07 17:24:09,750 - absl - INFO - Using g:\Crime_Detection\Training\Processed_Data\tfhub_cache to cache modules.
2025-07-07 17:24:09,817 - tensorflow - WARNING - From c:\Users\admin\anaconda3\envs\new_crime_env2\lib\site-packages\tensorflow_hub\resolver.py:120: The name tf.gfile.MakeDirs is deprecated. Please use tf.io.gfile.makedirs instead.

2025-07-07 17:24:09,817 - tensorflow - WARNING - From c:\Users\admin\anaconda3\envs\new_crime_env2\lib\site-packages\tensorflow_hub\module_v2.py:126: The name tf.saved_model.load_v2 is deprecated. Please use tf.compat.v2.saved_model.load instead.

2025-07-07 17:24:12,650 - absl - INFO - Fingerprint not found. Saved model loading will continue.
2025-07-07 17:24:12,650 - absl - INFO - path_and_singleprint metric could not be logged. Saved model loading will continue.
2025-07-07 17:24:12,667 - FeatureExtractionRunner - INFO - AudioFeatureExtractor initialized.
2025-07-07 17:24:12,667 - FeatureExtractionRunner - INFO - Initializing VideoFeatureExtractor...
2025-07-07 17:24:13,175 - VideoExtractor - INFO - Video Feature Extractor initialized with frame_rate=1, sequence_length=16, device=cuda
2025-07-07 17:24:13,182 - FeatureExtractionRunner - INFO - VideoFeatureExtractor initialized.
2025-07-07 17:24:13,182 - FeatureExtractionRunner - INFO - 
Scanning for raw video files to process...
2025-07-07 17:24:13,317 - FeatureExtractionRunner - INFO - Found 3950 video files in g:\Crime_Detection\Training\Videos
2025-07-07 17:24:13,317 - FeatureExtractionRunner - INFO - 
Starting feature extraction for all files...
2025-07-07 17:24:14,167 - FeatureExtractionRunner - INFO - 
================================================================================
2025-07-07 17:24:14,167 - FeatureExtractionRunner - INFO - ALL FEATURE EXTRACTION PIPELINES COMPLETED
2025-07-07 17:24:14,167 - FeatureExtractionRunner - INFO - Total raw video files scanned: 3950
2025-07-07 17:24:14,167 - FeatureExtractionRunner - INFO - Successfully processed (all features now present): 0
2025-07-07 17:24:14,167 - FeatureExtractionRunner - INFO - Skipped (all features already existed at start): 3950
2025-07-07 17:24:14,167 - FeatureExtractionRunner - INFO - Re-extracted (at least one missing feature was successfully extracted): 0
2025-07-07 17:24:14,167 - FeatureExtractionRunner - INFO - Failed (at least one feature could not be extracted or raw file missing): 0
2025-07-07 17:24:14,167 - FeatureExtractionRunner - INFO - ================================================================================
